<?xml version="1.0" encoding="UTF-8"?>
<!-- Generated by org.testng.reporters.JUnitXMLReporter -->
<testsuite ignored="0" hostname="Roshin" failures="0" tests="3" name="Default test" time="91.191" errors="0" timestamp="2024-10-21T22:08:14 GST">
  <testcase classname="MargoExpress.Mobile.Ecommerce_Tc_3" name="FillForm" time="16.319"/>
  <testcase classname="MargoExpress.Mobile.Ecommerce_Tc_3" name="selectProduct" time="3.297"/>
  <testcase classname="MargoExpress.Mobile.Ecommerce_Tc_3" name="verifyProductsAddedinCart" time="50.552"/>
</testsuite> <!-- Default test -->
