<?xml version="1.0" encoding="UTF-8"?>
<testng-results ignored="0" total="2" passed="2" failed="0" skipped="0">
  <reporter-output>
  </reporter-output>
  <suite started-at="2024-10-14T16:53:19 GST" name="Default suite" finished-at="2024-10-14T16:53:46 GST" duration-ms="26849">
    <groups>
    </groups>
    <test started-at="2024-10-14T16:53:19 GST" name="Default test" finished-at="2024-10-14T16:53:46 GST" duration-ms="26849">
      <class name="MargoExpress.Mobile.Ecommerce_Tc_2">
        <test-method is-config="true" signature="ConfigureAppium()[pri:0, instance:MargoExpress.Mobile.Ecommerce_Tc_2@3f191845]" started-at="2024-10-14T16:53:19 GST" name="ConfigureAppium" finished-at="2024-10-14T16:53:29 GST" duration-ms="9274" status="PASS">
          <reporter-output>
          </reporter-output>
        </test-method> <!-- ConfigureAppium -->
        <test-method signature="FillForm()[pri:0, instance:MargoExpress.Mobile.Ecommerce_Tc_2@3f191845]" started-at="2024-10-14T16:53:29 GST" name="FillForm" finished-at="2024-10-14T16:53:42 GST" duration-ms="13640" status="PASS">
          <reporter-output>
          </reporter-output>
        </test-method> <!-- FillForm -->
        <test-method signature="selectProduct()[pri:0, instance:MargoExpress.Mobile.Ecommerce_Tc_2@3f191845]" started-at="2024-10-14T16:53:42 GST" name="selectProduct" finished-at="2024-10-14T16:53:46 GST" duration-ms="3360" status="PASS">
          <reporter-output>
          </reporter-output>
        </test-method> <!-- selectProduct -->
        <test-method is-config="true" signature="teardown()[pri:0, instance:MargoExpress.Mobile.Ecommerce_Tc_2@3f191845]" started-at="2024-10-14T16:53:46 GST" name="teardown" finished-at="2024-10-14T16:53:46 GST" duration-ms="542" status="PASS">
          <reporter-output>
          </reporter-output>
        </test-method> <!-- teardown -->
      </class> <!-- MargoExpress.Mobile.Ecommerce_Tc_2 -->
    </test> <!-- Default test -->
  </suite> <!-- Default suite -->
</testng-results>
